
 /----------------------------------------------------------------------------\
 |  yosys -- Yosys Open SYnthesis Suite                                       |
 |  Copyright (C) 2012 - 2025  Claire Xenia Wolf <claire@yosyshq.com>         |
 |  Distributed under an ISC-like license, type "license" to see terms        |
 \----------------------------------------------------------------------------/
 Yosys 0.49+1 (git sha1 4a27d93b0, x86_64-apple-darwin23.5-clang++ 18.1.8 -fPIC -O3)

-- Executing script file `design_prep.ys' --

1. Executing RTLIL frontend.
Input filename: design.il

2. Executing SCC pass (detecting logic loops).
Found 0 SCCs in module progctr.
Found 0 SCCs.

3. Executing SIMPLEMAP pass (map simple cells to gate primitives).

4. Executing MEMORY_NORDFF pass (extracting $dff cells from memories).

5. Executing ASYNC2SYNC pass.
Replacing progctr.$procdff$24 ($adff): ARST=\n_rst, D=\nxt_pc_reg, Q=\pc_reg

6. Executing OPT_CLEAN pass (remove unused cells and wires).
Finding unused cells or wires in module \progctr..
Removed 3 unused cells and 3 unused wires.
<suppressed ~4 debug messages>

7. Executing FORMALFF pass.

8. Executing OPT_CLEAN pass (remove unused cells and wires).
Finding unused cells or wires in module \progctr..
Removed 1 unused cells and 1 unused wires.
<suppressed ~2 debug messages>

9. Executing CHECK pass (checking for obvious problems).
Checking module progctr...
Found and reported 0 problems.

10. Executing SETUNDEF pass (replace undef values with defined constants).

11. Executing OPT pass (performing simple optimizations).

11.1. Executing OPT_EXPR pass (perform const folding).
Optimizing module progctr.

11.2. Executing OPT_MERGE pass (detect identical cells).
Finding identical cells in module `\progctr'.
Removed a total of 0 cells.

11.3. Executing OPT_DFF pass (perform DFF optimizations).

11.4. Executing OPT_CLEAN pass (remove unused cells and wires).
Finding unused cells or wires in module \progctr..

11.5. Finished fast OPT passes.

12. Executing OPT_CLEAN pass (remove unused cells and wires).
Finding unused cells or wires in module \progctr..
Removed 0 unused cells and 1 unused wires.
<suppressed ~1 debug messages>

13. Executing RTLIL backend.
Output filename: ../model/design_prep.il

End of script. Logfile hash: ba2d8b36e1, CPU: user 0.03s system 0.03s, MEM: 11.50 MB peak
Yosys 0.49+1 (git sha1 4a27d93b0, x86_64-apple-darwin23.5-clang++ 18.1.8 -fPIC -O3)
Time spent: 37% 4x opt_clean (0 sec), 15% 1x opt_expr (0 sec), ...
