Coverage Report by instance with details

=================================================================================
=== Instance: /top/SVA
=== Design Unit: work.alu_sva
=================================================================================

Directive Coverage:
    Directives                      16        16         0   100.00%

DIRECTIVE COVERAGE:
--------------------------------------------------------------------------------------------
Name                                     Design Design   Lang File(Line)      Hits Status    
                                         Unit   UnitType                                     
--------------------------------------------------------------------------------------------
/top/SVA/c_ALU_ADD                       alu_sva Verilog  SVA  testbench/assertions/alu_sva.sv(32)
                                                                                15 Covered   
/top/SVA/c_ALU_SHIFT_LEFT                alu_sva Verilog  SVA  testbench/assertions/alu_sva.sv(43)
                                                                                31 Covered   
/top/SVA/c_ALU_SIGNED_LT                 alu_sva Verilog  SVA  testbench/assertions/alu_sva.sv(54)
                                                                                22 Covered   
/top/SVA/c_ALU_UNSIGNED_LT               alu_sva Verilog  SVA  testbench/assertions/alu_sva.sv(65)
                                                                                19 Covered   
/top/SVA/c_ALU_XOR                       alu_sva Verilog  SVA  testbench/assertions/alu_sva.sv(76)
                                                                                26 Covered   
/top/SVA/c_ALU_SHIFT_RIGHT               alu_sva Verilog  SVA  testbench/assertions/alu_sva.sv(87)
                                                                                18 Covered   
/top/SVA/c_ALU_OR                        alu_sva Verilog  SVA  testbench/assertions/alu_sva.sv(98)
                                                                                26 Covered   
/top/SVA/c_ALU_AND                       alu_sva Verilog  SVA  testbench/assertions/alu_sva.sv(109)
                                                                                27 Covered   
/top/SVA/c_ALU_SUB                       alu_sva Verilog  SVA  testbench/assertions/alu_sva.sv(120)
                                                                                28 Covered   
/top/SVA/c_ALU_SHIFT_LEFT_REPEAT         alu_sva Verilog  SVA  testbench/assertions/alu_sva.sv(131)
                                                                                26 Covered   
/top/SVA/c_ALU_SIGNED_LT_REPEAT          alu_sva Verilog  SVA  testbench/assertions/alu_sva.sv(142)
                                                                                32 Covered   
/top/SVA/c_ALU_UNSIGNED_LT_REPEAT        alu_sva Verilog  SVA  testbench/assertions/alu_sva.sv(153)
                                                                                26 Covered   
/top/SVA/c_ALU_XOR_REPEAT                alu_sva Verilog  SVA  testbench/assertions/alu_sva.sv(164)
                                                                                22 Covered   
/top/SVA/c_ALU_ARITH_SHIFT_RIGHT         alu_sva Verilog  SVA  testbench/assertions/alu_sva.sv(175)
                                                                                31 Covered   
/top/SVA/c_ALU_OR_REPEAT                 alu_sva Verilog  SVA  testbench/assertions/alu_sva.sv(186)
                                                                                21 Covered   
/top/SVA/c_ALU_AND_REPEAT                alu_sva Verilog  SVA  testbench/assertions/alu_sva.sv(197)
                                                                                28 Covered   


DIRECTIVE COVERAGE:
--------------------------------------------------------------------------------------------
Name                                     Design Design   Lang File(Line)      Hits Status    
                                         Unit   UnitType                                     
--------------------------------------------------------------------------------------------
/top/SVA/c_ALU_ADD                       alu_sva Verilog  SVA  testbench/assertions/alu_sva.sv(32)
                                                                                15 Covered   
/top/SVA/c_ALU_SHIFT_LEFT                alu_sva Verilog  SVA  testbench/assertions/alu_sva.sv(43)
                                                                                31 Covered   
/top/SVA/c_ALU_SIGNED_LT                 alu_sva Verilog  SVA  testbench/assertions/alu_sva.sv(54)
                                                                                22 Covered   
/top/SVA/c_ALU_UNSIGNED_LT               alu_sva Verilog  SVA  testbench/assertions/alu_sva.sv(65)
                                                                                19 Covered   
/top/SVA/c_ALU_XOR                       alu_sva Verilog  SVA  testbench/assertions/alu_sva.sv(76)
                                                                                26 Covered   
/top/SVA/c_ALU_SHIFT_RIGHT               alu_sva Verilog  SVA  testbench/assertions/alu_sva.sv(87)
                                                                                18 Covered   
/top/SVA/c_ALU_OR                        alu_sva Verilog  SVA  testbench/assertions/alu_sva.sv(98)
                                                                                26 Covered   
/top/SVA/c_ALU_AND                       alu_sva Verilog  SVA  testbench/assertions/alu_sva.sv(109)
                                                                                27 Covered   
/top/SVA/c_ALU_SUB                       alu_sva Verilog  SVA  testbench/assertions/alu_sva.sv(120)
                                                                                28 Covered   
/top/SVA/c_ALU_SHIFT_LEFT_REPEAT         alu_sva Verilog  SVA  testbench/assertions/alu_sva.sv(131)
                                                                                26 Covered   
/top/SVA/c_ALU_SIGNED_LT_REPEAT          alu_sva Verilog  SVA  testbench/assertions/alu_sva.sv(142)
                                                                                32 Covered   
/top/SVA/c_ALU_UNSIGNED_LT_REPEAT        alu_sva Verilog  SVA  testbench/assertions/alu_sva.sv(153)
                                                                                26 Covered   
/top/SVA/c_ALU_XOR_REPEAT                alu_sva Verilog  SVA  testbench/assertions/alu_sva.sv(164)
                                                                                22 Covered   
/top/SVA/c_ALU_ARITH_SHIFT_RIGHT         alu_sva Verilog  SVA  testbench/assertions/alu_sva.sv(175)
                                                                                31 Covered   
/top/SVA/c_ALU_OR_REPEAT                 alu_sva Verilog  SVA  testbench/assertions/alu_sva.sv(186)
                                                                                21 Covered   
/top/SVA/c_ALU_AND_REPEAT                alu_sva Verilog  SVA  testbench/assertions/alu_sva.sv(197)
                                                                                28 Covered   

TOTAL DIRECTIVE COVERAGE: 100.00%  COVERS: 16

Total Coverage By Instance (filtered view): 100.00%

