Script run on: 2025-01-29 09:48:09
-----------------------------------------------------------------
[PASS] ALU_AND                             (SVA) : PASS  [PASS]
-----------------------------------------------------------------
[PASS] ALU_UNSIGNED_LT                     (SVA) : PASS  [PASS]
-----------------------------------------------------------------
[PASS] ALU_SHIFT_LEFT_REPEAT               (SVA) : PASS  [PASS]
-----------------------------------------------------------------
[PASS] ALU_OR_REPEAT                       (SVA) : PASS  [PASS]
-----------------------------------------------------------------
[PASS] ALU_XOR                             (SVA) : PASS  [PASS]
-----------------------------------------------------------------
[PASS] ALU_SHIFT_LEFT                      (SVA) : PASS  [PASS]
-----------------------------------------------------------------
[PASS] ALU_SHIFT_RIGHT                     (SVA) : PASS  [PASS]
-----------------------------------------------------------------
[PASS] ALU_XOR_REPEAT                      (SVA) : PASS  [PASS]
-----------------------------------------------------------------
[PASS] ALU_UNSIGNED_LT_REPEAT              (SVA) : PASS  [PASS]
-----------------------------------------------------------------
[PASS] ALU_SIGNED_LT_REPEAT                (SVA) : PASS  [PASS]
-----------------------------------------------------------------
[PASS] ALU_ADD                             (SVA) : PASS  [PASS]
-----------------------------------------------------------------
[FAIL] ALU_ARITH_SHIFT_RIGHT               (SVA) : FAIL  [FAIL]
    Instances (Failed only):
        - Timestamp: 256    : FAILED  -
-----------------------------------------------------------------
[PASS] ALU_AND_REPEAT                      (SVA) : PASS  [PASS]
-----------------------------------------------------------------
[PASS] ALU_OR                              (SVA) : PASS  [PASS]
-----------------------------------------------------------------
[PASS] ALU_SIGNED_LT                       (SVA) : PASS  [PASS]
-----------------------------------------------------------------
[PASS] ALU_SUB                             (SVA) : PASS  [PASS]
-----------------------------------------------------------------
