Script run on: 2025-01-28 17:31:42
[PASS] ALU_AND                                                : PASS  [PASS]
-----------------------------------------------------------------
[FAIL] ALU_UNSIGNED_LT                                        : FAIL  [FAIL]
    Instances:
        [FAILED] Timestamp: 12     : FAILED  [FAILED]
        [FAILED] Timestamp: 100    : FAILED  [FAILED]
        [FAILED] Timestamp: 228    : FAILED  [FAILED]
-----------------------------------------------------------------
[PASS] ALU_SHIFT_LEFT_REPEAT                                  : PASS  [PASS]
-----------------------------------------------------------------
[PASS] ALU_OR_REPEAT                                          : PASS  [PASS]
-----------------------------------------------------------------
[PASS] ALU_XOR                                                : PASS  [PASS]
-----------------------------------------------------------------
[PASS] ALU_SHIFT_LEFT                                         : PASS  [PASS]
-----------------------------------------------------------------
[PASS] ALU_SHIFT_RIGHT                                        : PASS  [PASS]
-----------------------------------------------------------------
[PASS] ALU_XOR_REPEAT                                         : PASS  [PASS]
-----------------------------------------------------------------
[FAIL] ALU_UNSIGNED_LT_REPEAT                                 : FAIL  [FAIL]
    Instances:
        [FAILED] Timestamp: 44     : FAILED  [FAILED]
        [PASSED] Timestamp: 124    : PASSED  [PASSED]
        [FAILED] Timestamp: 144    : FAILED  [FAILED]
        [PASSED] Timestamp: 200    : PASSED  [PASSED]
-----------------------------------------------------------------
[FAIL] ALU_SIGNED_LT_REPEAT                                   : FAIL  [FAIL]
    Instances:
        [FAILED] Timestamp: 52     : FAILED  [FAILED]
        [PASSED] Timestamp: 92     : PASSED  [PASSED]
        [FAILED] Timestamp: 116    : FAILED  [FAILED]
        [PASSED] Timestamp: 148    : PASSED  [PASSED]
        [PASSED] Timestamp: 264    : PASSED  [PASSED]
        [FAILED] Timestamp: 288    : FAILED  [FAILED]
-----------------------------------------------------------------
[PASS] ALU_ADD                                                : PASS  [PASS]
-----------------------------------------------------------------
[FAIL] ALU_ARITH_SHIFT_RIGHT                                  : FAIL  [FAIL]
    Instances:
        [PASSED] Timestamp: 60     : PASSED  [PASSED]
        [PASSED] Timestamp: 152    : PASSED  [PASSED]
        [PASSED] Timestamp: 212    : PASSED  [PASSED]
        [PASSED] Timestamp: 216    : PASSED  [PASSED]
        [PASSED] Timestamp: 232    : PASSED  [PASSED]
        [FAILED] Timestamp: 256    : FAILED  [FAILED]
-----------------------------------------------------------------
[PASS] ALU_AND_REPEAT                                         : PASS  [PASS]
-----------------------------------------------------------------
[PASS] ALU_OR                                                 : PASS  [PASS]
-----------------------------------------------------------------
[FAIL] ALU_SIGNED_LT                                          : FAIL  [FAIL]
    Instances:
        [PASSED] Timestamp: 76     : PASSED  [PASSED]
        [PASSED] Timestamp: 184    : PASSED  [PASSED]
        [FAILED] Timestamp: 292    : FAILED  [FAILED]
-----------------------------------------------------------------
[PASS] ALU_SUB                                                : PASS  [PASS]
-----------------------------------------------------------------
