Script run on: 2025-01-29 09:34:43
-----------------------------------------------------------------
[FAIL] ALURP_1_WB_ROB                      (SVA) : FAIL  [FAIL]
    Instances (Failed only):
        - Timestamp: 120    : FAILED  -
        - Timestamp: 196    : FAILED  -
        - Timestamp: 220    : FAILED  -
-----------------------------------------------------------------
[FAIL] ALURP_1_WB_PR                       (SVA) : FAIL  [FAIL]
    Instances (Failed only):
        - Timestamp: 120    : FAILED  -
        - Timestamp: 196    : FAILED  -
        - Timestamp: 220    : FAILED  -
-----------------------------------------------------------------
[FAIL] ALURP_1_WB_DATA                     (SVA) : FAIL  [FAIL]
    Instances (Failed only):
        - Timestamp: 112    : FAILED  -
        - Timestamp: 120    : FAILED  -
        - Timestamp: 188    : FAILED  -
        - Timestamp: 196    : FAILED  -
        - Timestamp: 220    : FAILED  -
        - Timestamp: 272    : FAILED  -
-----------------------------------------------------------------
[FAIL] ALURP_1_WB_VALID                    (SVA) : FAIL  [FAIL]
    Instances (Failed only):
        - Timestamp: 196    : FAILED  -
        - Timestamp: 220    : FAILED  -
        - Timestamp: 272    : FAILED  -
-----------------------------------------------------------------
[PASS] ALURP_0                             (UVM) : PASS  [PASS]
-----------------------------------------------------------------
